<?xml version="1.0" encoding="UTF-8"?>
<testng-results skipped="0" failed="0" ignored="0" total="1" passed="1">
  <reporter-output>
  </reporter-output>
  <suite name="Default suite" duration-ms="93703" started-at="2019-05-09T11:55:26Z" finished-at="2019-05-09T11:57:00Z">
    <groups>
    </groups>
    <test name="Default test" duration-ms="93703" started-at="2019-05-09T11:55:26Z" finished-at="2019-05-09T11:57:00Z">
      <class name="com.qk.axis.AxisBankMobileAutomation.AppTest">
        <test-method status="PASS" signature="f()[pri:0, instance:com.qk.axis.AxisBankMobileAutomation.AppTest@11dc3715]" name="f" duration-ms="93667" started-at="2019-05-09T11:55:26Z" finished-at="2019-05-09T11:57:00Z">
          <reporter-output>
          </reporter-output>
        </test-method> <!-- f -->
      </class> <!-- com.qk.axis.AxisBankMobileAutomation.AppTest -->
    </test> <!-- Default test -->
  </suite> <!-- Default suite -->
</testng-results>
